Starting project at G:\saas\medlog\mobile
env: load .env
env: export EXPO_PUBLIC_SUPABASE_URL EXPO_PUBLIC_SUPABASE_ANON_KEY
Metro is running in CI mode, reloads are disabled. Remove CI=true to enable watch mode.
Starting Metro Bundler
warning: Bundler cache is empty, rebuilding (this may take a minute)
The following packages should be updated for best compatibility with the installed expo version:
  expo-camera@14.0.6 - expected version: ~14.1.3
  expo-constants@15.0.0 - expected version: ~15.4.6
  expo-font@14.0.11 - expected version: ~11.10.3
  expo-image-picker@14.0.3 - expected version: ~14.7.1
  expo-linking@6.0.0 - expected version: ~6.2.2
  expo-local-authentication@14.0.1 - expected version: ~13.8.0
  expo-secure-store@12.0.0 - expected version: ~12.8.1
  react-native@0.73.2 - expected version: 0.73.6
  react-native-svg@15.15.3 - expected version: 14.1.0
Your project may not work correctly until you install the correct versions of the packages.
Waiting on http://localhost:8081
Logs for your project will appear below.
Web Bundled 65545ms (G:\saas\medlog\mobile\node_modules\expo-router\entry.js)
Web Bundled 44584ms (G:\saas\medlog\mobile\node_modules\expo-router\entry.js)
Web Bundled 24988ms (G:\saas\medlog\mobile\node_modules\expo-router\entry.js)
 LOG  [web] Logs will appear in the browser console
Web Bundled 323ms (G:\saas\medlog\mobile\node_modules\expo-router\entry.js)
 LOG  [web] Logs will appear in the browser console
