
> medlog-mobile@1.0.0 web
> expo start --web

Starting project at G:\saas\medlog\mobile
env: load .env
env: export EXPO_PUBLIC_SUPABASE_URL EXPO_PUBLIC_SUPABASE_ANON_KEY
Metro is running in CI mode, reloads are disabled. Remove CI=true to enable watch mode.
Starting Metro Bundler
The following packages should be updated for best compatibility with the installed expo version:
  expo-camera@14.0.6 - expected version: ~14.1.3
  expo-constants@15.0.0 - expected version: ~15.4.6
  expo-font@14.0.11 - expected version: ~11.10.3
  expo-image-picker@14.0.3 - expected version: ~14.7.1
  expo-linking@6.0.0 - expected version: ~6.2.2
  expo-local-authentication@14.0.1 - expected version: ~13.8.0
  expo-router@3.0.0 - expected version: ~3.4.10
  expo-secure-store@12.0.0 - expected version: ~12.8.1
  react-native@0.73.2 - expected version: 0.73.6
  react-native-svg@15.15.3 - expected version: 14.1.0
Your project may not work correctly until you install the correct versions of the packages.
Waiting on http://localhost:8081
Logs for your project will appear below.
Error: Cannot find module 'expo-router/build/routes-manifest'
Require stack:
- G:\saas\medlog\mobile\noop.js
    at Function._resolveFilename (node:internal/modules/cjs/loader:1383:15)
    at resolveFileName (G:\saas\medlog\mobile\node_modules\resolve-from\index.js:29:39)
    at resolveFrom (G:\saas\medlog\mobile\node_modules\resolve-from\index.js:43:9)
    at Object.module.exports [as default] (G:\saas\medlog\mobile\node_modules\resolve-from\index.js:46:47)
    at getExpoRouteManifestBuilderAsync (G:\saas\medlog\mobile\node_modules\@expo\cli\src\start\server\metro\fetchRouterManifest.ts:26:29)
    at Object.fetchManifest (G:\saas\medlog\mobile\node_modules\@expo\cli\src\start\server\metro\fetchRouterManifest.ts:35:23)
    at getRoutesManifest (G:\saas\medlog\mobile\node_modules\@expo\cli\src\start\server\metro\createServerRouteMiddleware.ts:56:75)
    at handler (G:\saas\medlog\mobile\node_modules\@expo\server\src\index.ts:72:28)
    at G:\saas\medlog\mobile\node_modules\@expo\server\src\vendor\http.ts:67:30
    at call (G:\saas\medlog\mobile\node_modules\connect\index.js:239:7)
Error: Cannot find module 'expo-router/build/routes-manifest'
Require stack:
- G:\saas\medlog\mobile\noop.js
    at Function._resolveFilename (node:internal/modules/cjs/loader:1383:15)
    at resolveFileName (G:\saas\medlog\mobile\node_modules\resolve-from\index.js:29:39)
    at resolveFrom (G:\saas\medlog\mobile\node_modules\resolve-from\index.js:43:9)
    at Object.module.exports [as default] (G:\saas\medlog\mobile\node_modules\resolve-from\index.js:46:47)
    at getExpoRouteManifestBuilderAsync (G:\saas\medlog\mobile\node_modules\@expo\cli\src\start\server\metro\fetchRouterManifest.ts:26:29)
    at Object.fetchManifest (G:\saas\medlog\mobile\node_modules\@expo\cli\src\start\server\metro\fetchRouterManifest.ts:35:23)
    at getRoutesManifest (G:\saas\medlog\mobile\node_modules\@expo\cli\src\start\server\metro\createServerRouteMiddleware.ts:56:75)
    at handler (G:\saas\medlog\mobile\node_modules\@expo\server\src\index.ts:72:28)
    at G:\saas\medlog\mobile\node_modules\@expo\server\src\vendor\http.ts:67:30
    at call (G:\saas\medlog\mobile\node_modules\connect\index.js:239:7)
Error: Cannot find module 'expo-router/build/routes-manifest'
Require stack:
- G:\saas\medlog\mobile\noop.js
    at Function._resolveFilename (node:internal/modules/cjs/loader:1383:15)
    at resolveFileName (G:\saas\medlog\mobile\node_modules\resolve-from\index.js:29:39)
    at resolveFrom (G:\saas\medlog\mobile\node_modules\resolve-from\index.js:43:9)
    at Object.module.exports [as default] (G:\saas\medlog\mobile\node_modules\resolve-from\index.js:46:47)
    at getExpoRouteManifestBuilderAsync (G:\saas\medlog\mobile\node_modules\@expo\cli\src\start\server\metro\fetchRouterManifest.ts:26:29)
    at Object.fetchManifest (G:\saas\medlog\mobile\node_modules\@expo\cli\src\start\server\metro\fetchRouterManifest.ts:35:23)
    at getRoutesManifest (G:\saas\medlog\mobile\node_modules\@expo\cli\src\start\server\metro\createServerRouteMiddleware.ts:56:75)
    at handler (G:\saas\medlog\mobile\node_modules\@expo\server\src\index.ts:72:28)
    at G:\saas\medlog\mobile\node_modules\@expo\server\src\vendor\http.ts:67:30
    at call (G:\saas\medlog\mobile\node_modules\connect\index.js:239:7)
Error: Cannot find module 'expo-router/build/routes-manifest'
Require stack:
- G:\saas\medlog\mobile\noop.js
    at Function._resolveFilename (node:internal/modules/cjs/loader:1383:15)
    at resolveFileName (G:\saas\medlog\mobile\node_modules\resolve-from\index.js:29:39)
    at resolveFrom (G:\saas\medlog\mobile\node_modules\resolve-from\index.js:43:9)
    at Object.module.exports [as default] (G:\saas\medlog\mobile\node_modules\resolve-from\index.js:46:47)
    at getExpoRouteManifestBuilderAsync (G:\saas\medlog\mobile\node_modules\@expo\cli\src\start\server\metro\fetchRouterManifest.ts:26:29)
    at Object.fetchManifest (G:\saas\medlog\mobile\node_modules\@expo\cli\src\start\server\metro\fetchRouterManifest.ts:35:23)
    at getRoutesManifest (G:\saas\medlog\mobile\node_modules\@expo\cli\src\start\server\metro\createServerRouteMiddleware.ts:56:75)
    at handler (G:\saas\medlog\mobile\node_modules\@expo\server\src\index.ts:72:28)
    at G:\saas\medlog\mobile\node_modules\@expo\server\src\vendor\http.ts:67:30
    at call (G:\saas\medlog\mobile\node_modules\connect\index.js:239:7)
Error: Cannot find module 'expo-router/build/routes-manifest'
Require stack:
- G:\saas\medlog\mobile\noop.js
    at Function._resolveFilename (node:internal/modules/cjs/loader:1383:15)
    at resolveFileName (G:\saas\medlog\mobile\node_modules\resolve-from\index.js:29:39)
    at resolveFrom (G:\saas\medlog\mobile\node_modules\resolve-from\index.js:43:9)
    at Object.module.exports [as default] (G:\saas\medlog\mobile\node_modules\resolve-from\index.js:46:47)
    at getExpoRouteManifestBuilderAsync (G:\saas\medlog\mobile\node_modules\@expo\cli\src\start\server\metro\fetchRouterManifest.ts:26:29)
    at Object.fetchManifest (G:\saas\medlog\mobile\node_modules\@expo\cli\src\start\server\metro\fetchRouterManifest.ts:35:23)
    at getRoutesManifest (G:\saas\medlog\mobile\node_modules\@expo\cli\src\start\server\metro\createServerRouteMiddleware.ts:56:75)
    at handler (G:\saas\medlog\mobile\node_modules\@expo\server\src\index.ts:72:28)
    at G:\saas\medlog\mobile\node_modules\@expo\server\src\vendor\http.ts:67:30
    at call (G:\saas\medlog\mobile\node_modules\connect\index.js:239:7)
Error: Cannot find module 'expo-router/build/routes-manifest'
Require stack:
- G:\saas\medlog\mobile\noop.js
    at Function._resolveFilename (node:internal/modules/cjs/loader:1383:15)
    at resolveFileName (G:\saas\medlog\mobile\node_modules\resolve-from\index.js:29:39)
    at resolveFrom (G:\saas\medlog\mobile\node_modules\resolve-from\index.js:43:9)
    at Object.module.exports [as default] (G:\saas\medlog\mobile\node_modules\resolve-from\index.js:46:47)
    at getExpoRouteManifestBuilderAsync (G:\saas\medlog\mobile\node_modules\@expo\cli\src\start\server\metro\fetchRouterManifest.ts:26:29)
    at Object.fetchManifest (G:\saas\medlog\mobile\node_modules\@expo\cli\src\start\server\metro\fetchRouterManifest.ts:35:23)
    at getRoutesManifest (G:\saas\medlog\mobile\node_modules\@expo\cli\src\start\server\metro\createServerRouteMiddleware.ts:56:75)
    at handler (G:\saas\medlog\mobile\node_modules\@expo\server\src\index.ts:72:28)
    at G:\saas\medlog\mobile\node_modules\@expo\server\src\vendor\http.ts:67:30
    at call (G:\saas\medlog\mobile\node_modules\connect\index.js:239:7)
Error: Cannot find module 'expo-router/build/routes-manifest'
Require stack:
- G:\saas\medlog\mobile\noop.js
    at Function._resolveFilename (node:internal/modules/cjs/loader:1383:15)
    at resolveFileName (G:\saas\medlog\mobile\node_modules\resolve-from\index.js:29:39)
    at resolveFrom (G:\saas\medlog\mobile\node_modules\resolve-from\index.js:43:9)
    at Object.module.exports [as default] (G:\saas\medlog\mobile\node_modules\resolve-from\index.js:46:47)
    at getExpoRouteManifestBuilderAsync (G:\saas\medlog\mobile\node_modules\@expo\cli\src\start\server\metro\fetchRouterManifest.ts:26:29)
    at Object.fetchManifest (G:\saas\medlog\mobile\node_modules\@expo\cli\src\start\server\metro\fetchRouterManifest.ts:35:23)
    at getRoutesManifest (G:\saas\medlog\mobile\node_modules\@expo\cli\src\start\server\metro\createServerRouteMiddleware.ts:56:75)
    at handler (G:\saas\medlog\mobile\node_modules\@expo\server\src\index.ts:72:28)
    at G:\saas\medlog\mobile\node_modules\@expo\server\src\vendor\http.ts:67:30
    at call (G:\saas\medlog\mobile\node_modules\connect\index.js:239:7)
